<?xml version="1.0" encoding="UTF-8"?>
<!-- Generated by org.testng.reporters.JUnitXMLReporter -->
<testsuite ignored="0" hostname="DESKTOP-341MGB8" failures="0" tests="7" name="Surefire test" time="10.564" errors="0" timestamp="2025-11-21T13:57:57 CET">
  <testcase classname="sess42.FirstTestCase" name="openapp" time="0.006"/>
  <testcase classname="sess42.FirstTestCase" name="login" time="0.001"/>
  <testcase classname="sess42.FirstTestCase" name="logout" time="0.001"/>
  <testcase classname="sess42.TestngDemo1" name="Launchapp" time="4.764"/>
  <testcase classname="sess42.TestngDemo1" name="logo" time="5.115"/>
  <testcase classname="sess42.TestngDemo1" name="login" time="0.362"/>
  <testcase classname="sess42.TestngDemo1" name="closeapp" time="0.235"/>
</testsuite> <!-- Surefire test -->
