<?xml version="1.0" encoding="UTF-8"?>
<!-- Generated by org.testng.reporters.JUnitXMLReporter -->
<testsuite ignored="0" hostname="DESKTOP-341MGB8" failures="0" tests="7" name="Test" time="37.905" errors="0" timestamp="2025-11-02T19:27:38 CET">
  <testcase classname="sess42.FirstTestCase" name="openapp" time="0.012"/>
  <testcase classname="sess42.FirstTestCase" name="login" time="0.001"/>
  <testcase classname="sess42.FirstTestCase" name="logout" time="0.001"/>
  <testcase classname="sess42.TestngDemo1" name="Launchapp" time="25.295"/>
  <testcase classname="sess42.TestngDemo1" name="logo" time="12.078"/>
  <testcase classname="sess42.TestngDemo1" name="login" time="0.294"/>
  <testcase classname="sess42.TestngDemo1" name="closeapp" time="0.171"/>
</testsuite> <!-- Test -->
