<?xml version="1.0" encoding="UTF-8"?>
<testsuite xmlns:xsi="http://www.w3.org/2001/XMLSchema-instance" xsi:noNamespaceSchemaLocation="https://maven.apache.org/surefire/maven-surefire-plugin/xsd/surefire-test-report-3.0.xsd" version="3.0" name="TestSuite" time="11.212" tests="7" errors="0" skipped="0" failures="0">
  <properties>
[...]
</properties>
  <testcase name="openapp" classname="sess42.FirstTestCase" time="0.014">
    <system-out><![CDATA[opening application...
]]></system-out>
  </testcase>
  <testcase name="login" classname="sess42.FirstTestCase" time="0.001">
    <system-out><![CDATA[Login to application.....
]]></system-out>
  </testcase>
  <testcase name="logout" classname="sess42.FirstTestCase" time="0.002">
    <system-out><![CDATA[Logout from application.....
]]></system-out>
  </testcase>
  <testcase name="Launchapp" classname="sess42.TestngDemo1" time="4.762">
    <system-err><![CDATA[Nov 21, 2025 1:57:48 PM org.openqa.selenium.devtools.CdpVersionFinder findNearestMatch
WARNING: Unable to find an exact match for CDP version 142, returning the closest version; found: 140; Please update to a Selenium version that supports CDP version 142
]]></system-err>
  </testcase>
  <testcase name="logo" classname="sess42.TestngDemo1" time="5.123">
    <system-out><![CDATA[logo displayed
]]></system-out>
  </testcase>
  <testcase name="login" classname="sess42.TestngDemo1" time="0.369"/>
  <testcase name="closeapp" classname="sess42.TestngDemo1" time="0.235"/>
</testsuite>