<?xml version="1.0" encoding="UTF-8"?>
<testng-results ignored="0" total="2" passed="2" failed="0" skipped="0">
  <reporter-output>
  </reporter-output>
  <suite started-at="2025-11-04T19:22:12 CET" name="Default suite" finished-at="2025-11-04T19:22:12 CET" duration-ms="100">
    <groups>
    </groups>
    <test started-at="2025-11-04T19:22:12 CET" name="Default test" finished-at="2025-11-04T19:22:12 CET" duration-ms="100">
      <class name="sess43.ClasslevelAnnotationDemo2">
        <test-method is-config="true" signature="Login()[pri:0, instance:sess43.ClasslevelAnnotationDemo2@5e5d171f]" started-at="2025-11-04T19:22:12 CET" name="Login" finished-at="2025-11-04T19:22:12 CET" duration-ms="14" status="PASS">
          <reporter-output>
          </reporter-output>
        </test-method> <!-- Login -->
        <test-method signature="Search()[pri:1, instance:sess43.ClasslevelAnnotationDemo2@5e5d171f]" started-at="2025-11-04T19:22:12 CET" name="Search" finished-at="2025-11-04T19:22:12 CET" duration-ms="14" status="PASS">
          <reporter-output>
          </reporter-output>
        </test-method> <!-- Search -->
        <test-method signature="AdvSearch()[pri:2, instance:sess43.ClasslevelAnnotationDemo2@5e5d171f]" started-at="2025-11-04T19:22:12 CET" name="AdvSearch" finished-at="2025-11-04T19:22:12 CET" duration-ms="4" status="PASS">
          <reporter-output>
          </reporter-output>
        </test-method> <!-- AdvSearch -->
        <test-method is-config="true" signature="Logout()[pri:0, instance:sess43.ClasslevelAnnotationDemo2@5e5d171f]" started-at="2025-11-04T19:22:12 CET" name="Logout" finished-at="2025-11-04T19:22:12 CET" duration-ms="1" status="PASS">
          <reporter-output>
          </reporter-output>
        </test-method> <!-- Logout -->
      </class> <!-- sess43.ClasslevelAnnotationDemo2 -->
    </test> <!-- Default test -->
  </suite> <!-- Default suite -->
</testng-results>
