<?xml version="1.0" encoding="UTF-8"?>
<!-- Generated by org.testng.reporters.JUnitReportReporter -->
<testsuite hostname="DESKTOP-341MGB8" failures="0" tests="4" name="sess42.TestngDemo1" time="37.838" errors="0" timestamp="2025-11-02T19:27:38 CET" skipped="0">
  <testcase classname="sess42.TestngDemo1" name="Launchapp" time="25.295"/>
  <testcase classname="sess42.TestngDemo1" name="logo" time="12.078"/>
  <testcase classname="sess42.TestngDemo1" name="login" time="0.294"/>
  <testcase classname="sess42.TestngDemo1" name="closeapp" time="0.171"/>
</testsuite> <!-- sess42.TestngDemo1 -->
