<?xml version="1.0" encoding="UTF-8"?>
<!-- Generated by org.testng.reporters.JUnitReportReporter -->
<testsuite hostname="DESKTOP-341MGB8" failures="0" tests="2" name="sess43.ClasslevelAnnotationDemo2" time="0.018" errors="0" timestamp="2025-11-04T19:22:12 CET" skipped="0">
  <testcase classname="sess43.ClasslevelAnnotationDemo2" name="Search" time="0.014"/>
  <testcase classname="sess43.ClasslevelAnnotationDemo2" name="AdvSearch" time="0.004"/>
</testsuite> <!-- sess43.ClasslevelAnnotationDemo2 -->
