<?xml version="1.0" encoding="UTF-8"?>
<!-- Generated by org.testng.reporters.JUnitReportReporter -->
<testsuite hostname="DESKTOP-341MGB8" failures="0" tests="2" name="sess43.MethodlevelAnnotationDemo" time="0.030" errors="0" timestamp="2025-11-04T10:55:15 CET" skipped="0">
  <testcase classname="sess43.MethodlevelAnnotationDemo" name="AdvSearch" time="0.013"/>
  <testcase classname="sess43.MethodlevelAnnotationDemo" name="Search" time="0.017"/>
</testsuite> <!-- sess43.MethodlevelAnnotationDemo -->
