<?xml version="1.0" encoding="UTF-8"?>
<!-- Generated by org.testng.reporters.JUnitReportReporter -->
<testsuite hostname="DESKTOP-341MGB8" failures="0" tests="3" name="sess42.FirstTestCase" time="0.008" errors="0" timestamp="2025-11-21T13:57:57 CET" skipped="0">
  <testcase classname="sess42.FirstTestCase" name="openapp" time="0.006"/>
  <testcase classname="sess42.FirstTestCase" name="login" time="0.001"/>
  <testcase classname="sess42.FirstTestCase" name="logout" time="0.001"/>
</testsuite> <!-- sess42.FirstTestCase -->
