<?xml version="1.0" encoding="UTF-8"?>
<!-- Generated by org.testng.reporters.JUnitReportReporter -->
<testsuite hostname="DESKTOP-341MGB8" failures="0" tests="4" name="sess42.TestngDemo1" time="10.476" errors="0" timestamp="2025-11-21T13:57:57 CET" skipped="0">
  <testcase classname="sess42.TestngDemo1" name="Launchapp" time="4.764"/>
  <testcase classname="sess42.TestngDemo1" name="logo" time="5.115"/>
  <testcase classname="sess42.TestngDemo1" name="login" time="0.362"/>
  <testcase classname="sess42.TestngDemo1" name="closeapp" time="0.235"/>
</testsuite> <!-- sess42.TestngDemo1 -->
